
*** Running vivado
    with args -log top_module.vds -m64 -product Vivado -mode batch -messageDb vivado.pb -notrace -source top_module.tcl


ECHO is off.
ECHO is off.

****** Vivado v2023.2 (64-bit)
  **** SW Build 4029153 on Fri Oct 13 20:14:34 MDT 2023
  **** IP Build 4028589 on Sat Oct 14 00:45:43 MDT 2023
  **** SharedData Build 4025554 on Tue Oct 10 17:18:54 MDT 2023
    ** Copyright 1986-2022 Xilinx, Inc. All Rights Reserved.
    ** Copyright 2022-2023 Advanced Micro Devices, Inc. All Rights Reserved.

source top_module.tcl -notrace
create_project: Time (s): cpu = 00:00:06 ; elapsed = 00:00:09 . Memory (MB): peak = 466.086 ; gain = 185.184
Command: read_checkpoint -auto_incremental -incremental C:/Users/naman/vivado/project_2/project_2.srcs/utils_1/imports/synth_1/top_module.dcp
INFO: [Vivado 12-5825] Read reference checkpoint from C:/Users/naman/vivado/project_2/project_2.srcs/utils_1/imports/synth_1/top_module.dcp for incremental synthesis
INFO: [Vivado 12-7989] Please ensure there are no constraint changes
Command: synth_design -top top_module -part xc7a35tcpg236-1
Starting synth_design
Attempting to get a license for feature 'Synthesis' and/or device 'xc7a35t'
INFO: [Common 17-349] Got license for feature 'Synthesis' and/or device 'xc7a35t'
INFO: [Device 21-403] Loading part xc7a35tcpg236-1
INFO: [Designutils 20-5440] No compile time benefit to using incremental synthesis; A full resynthesis will be run
INFO: [Designutils 20-4379] Flow is switching to default flow due to incremental criteria not met. If you would like to alter this behaviour and have the flow terminate instead, please set the following parameter config_implementation {autoIncr.Synth.RejectBehavior Terminate}
INFO: [Synth 8-7079] Multithreading enabled for synth_design using a maximum of 2 processes.
INFO: [Synth 8-7078] Launching helper process for spawning children vivado processes
INFO: [Synth 8-7075] Helper process launched with PID 19596
---------------------------------------------------------------------------------
Starting RTL Elaboration : Time (s): cpu = 00:00:03 ; elapsed = 00:00:04 . Memory (MB): peak = 1302.184 ; gain = 440.977
---------------------------------------------------------------------------------
INFO: [Synth 8-11241] undeclared symbol 'RegWriteSrc', assumed default net type 'wire' [C:/Users/naman/vivado/project_2/project_2.srcs/sources_1/new/datapath.v:53]
INFO: [Synth 8-11241] undeclared symbol 'wr_data', assumed default net type 'wire' [C:/Users/naman/vivado/project_2/project_2.srcs/sources_1/new/datapath.v:99]
INFO: [Synth 8-6157] synthesizing module 'top_module' [C:/Users/naman/vivado/project_2/project_2.srcs/sources_1/new/top_module.v:1]
INFO: [Synth 8-226] default block is never used [C:/Users/naman/vivado/project_2/project_2.srcs/sources_1/new/top_module.v:127]
INFO: [Synth 8-6157] synthesizing module 'datapath' [C:/Users/naman/vivado/project_2/project_2.srcs/sources_1/new/datapath.v:1]
INFO: [Synth 8-6157] synthesizing module 'program_counter' [C:/Users/naman/vivado/project_2/project_2.srcs/sources_1/new/program_counter.v:1]
INFO: [Synth 8-6155] done synthesizing module 'program_counter' (0#1) [C:/Users/naman/vivado/project_2/project_2.srcs/sources_1/new/program_counter.v:1]
INFO: [Synth 8-6157] synthesizing module 'ins_mem' [C:/Users/naman/vivado/project_2/project_2.srcs/sources_1/new/ins_mem.v:1]
INFO: [Synth 8-3876] $readmem data file 'InsMem.mem' is read successfully [C:/Users/naman/vivado/project_2/project_2.srcs/sources_1/new/ins_mem.v:11]
INFO: [Synth 8-6155] done synthesizing module 'ins_mem' (0#1) [C:/Users/naman/vivado/project_2/project_2.srcs/sources_1/new/ins_mem.v:1]
INFO: [Synth 8-6157] synthesizing module 'control_unit' [C:/Users/naman/vivado/project_2/project_2.srcs/sources_1/new/control_unit.v:1]
INFO: [Synth 8-6155] done synthesizing module 'control_unit' (0#1) [C:/Users/naman/vivado/project_2/project_2.srcs/sources_1/new/control_unit.v:1]
INFO: [Synth 8-6157] synthesizing module 'register_file' [C:/Users/naman/vivado/project_2/project_2.srcs/sources_1/new/register_file.v:1]
INFO: [Synth 8-6155] done synthesizing module 'register_file' (0#1) [C:/Users/naman/vivado/project_2/project_2.srcs/sources_1/new/register_file.v:1]
INFO: [Synth 8-6157] synthesizing module 'alu' [C:/Users/naman/vivado/project_2/project_2.srcs/sources_1/new/alu.v:1]
INFO: [Synth 8-6155] done synthesizing module 'alu' (0#1) [C:/Users/naman/vivado/project_2/project_2.srcs/sources_1/new/alu.v:1]
INFO: [Synth 8-6157] synthesizing module 'data_memory' [C:/Users/naman/vivado/project_2/project_2.srcs/sources_1/new/data_memory.v:1]
INFO: [Synth 8-6155] done synthesizing module 'data_memory' (0#1) [C:/Users/naman/vivado/project_2/project_2.srcs/sources_1/new/data_memory.v:1]
INFO: [Synth 8-6157] synthesizing module 'mux' [C:/Users/naman/vivado/project_2/project_2.srcs/sources_1/new/mux.v:1]
	Parameter BIT_LEN bound to: 16 - type: integer 
INFO: [Synth 8-6155] done synthesizing module 'mux' (0#1) [C:/Users/naman/vivado/project_2/project_2.srcs/sources_1/new/mux.v:1]
WARNING: [Synth 8-689] width (1) of port connection 'out' does not match port width (16) of module 'mux' [C:/Users/naman/vivado/project_2/project_2.srcs/sources_1/new/datapath.v:99]
INFO: [Synth 8-6155] done synthesizing module 'datapath' (0#1) [C:/Users/naman/vivado/project_2/project_2.srcs/sources_1/new/datapath.v:1]
INFO: [Synth 8-6155] done synthesizing module 'top_module' (0#1) [C:/Users/naman/vivado/project_2/project_2.srcs/sources_1/new/top_module.v:1]
WARNING: [Synth 8-6014] Unused sequential element manual_clock_state_reg was removed.  [C:/Users/naman/vivado/project_2/project_2.srcs/sources_1/new/top_module.v:83]
WARNING: [Synth 8-7129] Port alu_src in module alu is either unconnected or has no load
---------------------------------------------------------------------------------
Finished RTL Elaboration : Time (s): cpu = 00:00:05 ; elapsed = 00:00:05 . Memory (MB): peak = 1411.383 ; gain = 550.176
---------------------------------------------------------------------------------
---------------------------------------------------------------------------------
Start Handling Custom Attributes
---------------------------------------------------------------------------------
---------------------------------------------------------------------------------
Finished Handling Custom Attributes : Time (s): cpu = 00:00:05 ; elapsed = 00:00:06 . Memory (MB): peak = 1411.383 ; gain = 550.176
---------------------------------------------------------------------------------
---------------------------------------------------------------------------------
Finished RTL Optimization Phase 1 : Time (s): cpu = 00:00:05 ; elapsed = 00:00:06 . Memory (MB): peak = 1411.383 ; gain = 550.176
---------------------------------------------------------------------------------
Netlist sorting complete. Time (s): cpu = 00:00:00 ; elapsed = 00:00:00.004 . Memory (MB): peak = 1411.383 ; gain = 0.000
INFO: [Project 1-570] Preparing netlist for logic optimization

Processing XDC Constraints
Initializing timing engine
Parsing XDC File [C:/Users/naman/vivado/project_2/project_2.srcs/constrs_1/new/const.xdc]
WARNING: [Vivado 12-584] No ports matched 'zero_flag'. [C:/Users/naman/vivado/project_2/project_2.srcs/constrs_1/new/const.xdc:28]
CRITICAL WARNING: [Common 17-55] 'set_property' expects at least one object. [C:/Users/naman/vivado/project_2/project_2.srcs/constrs_1/new/const.xdc:28]
Resolution: If [get_<value>] was used to populate the object, check to make sure this command returns at least one valid object.
WARNING: [Vivado 12-584] No ports matched 'zero_flag'. [C:/Users/naman/vivado/project_2/project_2.srcs/constrs_1/new/const.xdc:29]
CRITICAL WARNING: [Common 17-55] 'set_property' expects at least one object. [C:/Users/naman/vivado/project_2/project_2.srcs/constrs_1/new/const.xdc:29]
Resolution: If [get_<value>] was used to populate the object, check to make sure this command returns at least one valid object.
Finished Parsing XDC File [C:/Users/naman/vivado/project_2/project_2.srcs/constrs_1/new/const.xdc]
INFO: [Project 1-236] Implementation specific constraints were found while reading constraint file [C:/Users/naman/vivado/project_2/project_2.srcs/constrs_1/new/const.xdc]. These constraints will be ignored for synthesis but will be used in implementation. Impacted constraints are listed in the file [.Xil/top_module_propImpl.xdc].
Resolution: To avoid this warning, move constraints listed in [.Xil/top_module_propImpl.xdc] to another XDC file and exclude this new file from synthesis with the used_in_synthesis property (File Properties dialog in GUI) and re-run elaboration/synthesis.
Completed Processing XDC Constraints

Netlist sorting complete. Time (s): cpu = 00:00:00 ; elapsed = 00:00:00 . Memory (MB): peak = 1456.867 ; gain = 0.000
INFO: [Project 1-111] Unisim Transformation Summary:
No Unisim elements were transformed.

The system cannot find the path specified.
Constraint Validation Runtime : Time (s): cpu = 00:00:00 ; elapsed = 00:00:00.004 . Memory (MB): peak = 1456.867 ; gain = 0.000
INFO: [Designutils 20-5440] No compile time benefit to using incremental synthesis; A full resynthesis will be run
INFO: [Designutils 20-4379] Flow is switching to default flow due to incremental criteria not met. If you would like to alter this behaviour and have the flow terminate instead, please set the following parameter config_implementation {autoIncr.Synth.RejectBehavior Terminate}
---------------------------------------------------------------------------------
Finished Constraint Validation : Time (s): cpu = 00:00:10 ; elapsed = 00:00:11 . Memory (MB): peak = 1456.867 ; gain = 595.660
---------------------------------------------------------------------------------
---------------------------------------------------------------------------------
Start Loading Part and Timing Information
---------------------------------------------------------------------------------
Loading part: xc7a35tcpg236-1
---------------------------------------------------------------------------------
Finished Loading Part and Timing Information : Time (s): cpu = 00:00:10 ; elapsed = 00:00:11 . Memory (MB): peak = 1456.867 ; gain = 595.660
---------------------------------------------------------------------------------
---------------------------------------------------------------------------------
Start Applying 'set_property' XDC Constraints
---------------------------------------------------------------------------------
---------------------------------------------------------------------------------
Finished applying 'set_property' XDC Constraints : Time (s): cpu = 00:00:10 ; elapsed = 00:00:11 . Memory (MB): peak = 1456.867 ; gain = 595.660
---------------------------------------------------------------------------------
WARNING: [Synth 8-327] inferring latch for variable 'result_reg' [C:/Users/naman/vivado/project_2/project_2.srcs/sources_1/new/alu.v:27]
WARNING: [Synth 8-327] inferring latch for variable 'zero_flag_reg' [C:/Users/naman/vivado/project_2/project_2.srcs/sources_1/new/alu.v:38]
---------------------------------------------------------------------------------
Finished RTL Optimization Phase 2 : Time (s): cpu = 00:00:10 ; elapsed = 00:00:11 . Memory (MB): peak = 1456.867 ; gain = 595.660
---------------------------------------------------------------------------------
---------------------------------------------------------------------------------
Start RTL Component Statistics 
---------------------------------------------------------------------------------
Detailed RTL Component Info : 
+---Adders : 
	   2 Input   19 Bit       Adders := 1     
	   3 Input   16 Bit       Adders := 1     
	   2 Input   16 Bit       Adders := 1     
	   3 Input    8 Bit       Adders := 2     
+---Registers : 
	               20 Bit    Registers := 1     
	               16 Bit    Registers := 16    
	                8 Bit    Registers := 1     
	                1 Bit    Registers := 2     
+---Muxes : 
	   2 Input   19 Bit        Muxes := 2     
	   2 Input   16 Bit        Muxes := 4     
	   4 Input   16 Bit        Muxes := 2     
	   7 Input   16 Bit        Muxes := 1     
	   2 Input    8 Bit        Muxes := 2     
	   4 Input    4 Bit        Muxes := 2     
	   2 Input    1 Bit        Muxes := 26    
	   8 Input    1 Bit        Muxes := 6     
	   7 Input    1 Bit        Muxes := 2     
	   6 Input    1 Bit        Muxes := 1     
---------------------------------------------------------------------------------
Finished RTL Component Statistics 
---------------------------------------------------------------------------------
---------------------------------------------------------------------------------
Start Part Resource Summary
---------------------------------------------------------------------------------
Part Resources:
DSPs: 90 (col length:60)
BRAMs: 100 (col length: RAMB18 60 RAMB36 30)
---------------------------------------------------------------------------------
Finished Part Resource Summary
---------------------------------------------------------------------------------
---------------------------------------------------------------------------------
Start Cross Boundary and Area Optimization
---------------------------------------------------------------------------------
WARNING: [Synth 8-7080] Parallel synthesis criteria is not met
---------------------------------------------------------------------------------
Finished Cross Boundary and Area Optimization : Time (s): cpu = 00:00:12 ; elapsed = 00:00:13 . Memory (MB): peak = 1456.867 ; gain = 595.660
---------------------------------------------------------------------------------
---------------------------------------------------------------------------------
Start ROM, RAM, DSP, Shift Register and Retiming Reporting
---------------------------------------------------------------------------------

ROM: Preliminary Mapping Report
+------------+------------+---------------+----------------+
|Module Name | RTL Object | Depth x Width | Implemented As | 
+------------+------------+---------------+----------------+
|ins_mem     | ins_mem    | 32x13         | LUT            | 
|top_module  | p_0_out    | 32x13         | LUT            | 
+------------+------------+---------------+----------------+

---------------------------------------------------------------------------------
Finished ROM, RAM, DSP, Shift Register and Retiming Reporting
---------------------------------------------------------------------------------
---------------------------------------------------------------------------------
Start Applying XDC Timing Constraints
---------------------------------------------------------------------------------
---------------------------------------------------------------------------------
Finished Applying XDC Timing Constraints : Time (s): cpu = 00:00:15 ; elapsed = 00:00:17 . Memory (MB): peak = 1456.867 ; gain = 595.660
---------------------------------------------------------------------------------
---------------------------------------------------------------------------------
Start Timing Optimization
---------------------------------------------------------------------------------
---------------------------------------------------------------------------------
Finished Timing Optimization : Time (s): cpu = 00:00:16 ; elapsed = 00:00:18 . Memory (MB): peak = 1456.867 ; gain = 595.660
---------------------------------------------------------------------------------
---------------------------------------------------------------------------------
Start Technology Mapping
---------------------------------------------------------------------------------
---------------------------------------------------------------------------------
Finished Technology Mapping : Time (s): cpu = 00:00:16 ; elapsed = 00:00:18 . Memory (MB): peak = 1456.867 ; gain = 595.660
---------------------------------------------------------------------------------
---------------------------------------------------------------------------------
Start IO Insertion
---------------------------------------------------------------------------------
---------------------------------------------------------------------------------
Start Flattening Before IO Insertion
---------------------------------------------------------------------------------
---------------------------------------------------------------------------------
Finished Flattening Before IO Insertion
---------------------------------------------------------------------------------
---------------------------------------------------------------------------------
Start Final Netlist Cleanup
---------------------------------------------------------------------------------
---------------------------------------------------------------------------------
Finished Final Netlist Cleanup
---------------------------------------------------------------------------------
---------------------------------------------------------------------------------
Finished IO Insertion : Time (s): cpu = 00:00:19 ; elapsed = 00:00:21 . Memory (MB): peak = 1456.867 ; gain = 595.660
---------------------------------------------------------------------------------
---------------------------------------------------------------------------------
Start Renaming Generated Instances
---------------------------------------------------------------------------------
---------------------------------------------------------------------------------
Finished Renaming Generated Instances : Time (s): cpu = 00:00:19 ; elapsed = 00:00:21 . Memory (MB): peak = 1456.867 ; gain = 595.660
---------------------------------------------------------------------------------
---------------------------------------------------------------------------------
Start Rebuilding User Hierarchy
---------------------------------------------------------------------------------
---------------------------------------------------------------------------------
Finished Rebuilding User Hierarchy : Time (s): cpu = 00:00:19 ; elapsed = 00:00:21 . Memory (MB): peak = 1456.867 ; gain = 595.660
---------------------------------------------------------------------------------
---------------------------------------------------------------------------------
Start Renaming Generated Ports
---------------------------------------------------------------------------------
---------------------------------------------------------------------------------
Finished Renaming Generated Ports : Time (s): cpu = 00:00:19 ; elapsed = 00:00:21 . Memory (MB): peak = 1456.867 ; gain = 595.660
---------------------------------------------------------------------------------
---------------------------------------------------------------------------------
Start Handling Custom Attributes
---------------------------------------------------------------------------------
---------------------------------------------------------------------------------
Finished Handling Custom Attributes : Time (s): cpu = 00:00:19 ; elapsed = 00:00:21 . Memory (MB): peak = 1456.867 ; gain = 595.660
---------------------------------------------------------------------------------
---------------------------------------------------------------------------------
Start Renaming Generated Nets
---------------------------------------------------------------------------------
---------------------------------------------------------------------------------
Finished Renaming Generated Nets : Time (s): cpu = 00:00:19 ; elapsed = 00:00:21 . Memory (MB): peak = 1456.867 ; gain = 595.660
---------------------------------------------------------------------------------
---------------------------------------------------------------------------------
Start Writing Synthesis Report
---------------------------------------------------------------------------------

Report BlackBoxes: 
+-+--------------+----------+
| |BlackBox name |Instances |
+-+--------------+----------+
+-+--------------+----------+

Report Cell Usage: 
+------+-------+------+
|      |Cell   |Count |
+------+-------+------+
|1     |BUFG   |     1|
|2     |CARRY4 |    26|
|3     |LUT1   |     4|
|4     |LUT2   |    61|
|5     |LUT3   |    45|
|6     |LUT4   |    47|
|7     |LUT5   |    35|
|8     |LUT6   |   128|
|9     |MUXF7  |    21|
|10    |FDCE   |    49|
|11    |FDRE   |   128|
|12    |LD     |    17|
|13    |IBUF   |     5|
|14    |OBUF   |    20|
+------+-------+------+
---------------------------------------------------------------------------------
Finished Writing Synthesis Report : Time (s): cpu = 00:00:19 ; elapsed = 00:00:21 . Memory (MB): peak = 1456.867 ; gain = 595.660
---------------------------------------------------------------------------------
Synthesis finished with 0 errors, 0 critical warnings and 3 warnings.
Synthesis Optimization Runtime : Time (s): cpu = 00:00:13 ; elapsed = 00:00:19 . Memory (MB): peak = 1456.867 ; gain = 550.176
Synthesis Optimization Complete : Time (s): cpu = 00:00:19 ; elapsed = 00:00:21 . Memory (MB): peak = 1456.867 ; gain = 595.660
INFO: [Project 1-571] Translating synthesized netlist
Netlist sorting complete. Time (s): cpu = 00:00:00 ; elapsed = 00:00:00.005 . Memory (MB): peak = 1466.980 ; gain = 0.000
INFO: [Netlist 29-17] Analyzing 64 Unisim elements for replacement
INFO: [Netlist 29-28] Unisim Transformation completed in 0 CPU seconds
INFO: [Project 1-570] Preparing netlist for logic optimization
INFO: [Opt 31-138] Pushed 0 inverter(s) to 0 load pin(s).
Netlist sorting complete. Time (s): cpu = 00:00:00 ; elapsed = 00:00:00 . Memory (MB): peak = 1470.703 ; gain = 0.000
INFO: [Project 1-111] Unisim Transformation Summary:
  A total of 17 instances were transformed.
  LD => LDCE: 17 instances

The system cannot find the path specified.
Synth Design complete | Checksum: 86a35b1f
INFO: [Common 17-83] Releasing license: Synthesis
43 Infos, 8 Warnings, 2 Critical Warnings and 0 Errors encountered.
synth_design completed successfully
synth_design: Time (s): cpu = 00:00:22 ; elapsed = 00:00:37 . Memory (MB): peak = 1470.703 ; gain = 1001.656
INFO: [runtcl-6] Synthesis results are not added to the cache due to CRITICAL_WARNING
Write ShapeDB Complete: Time (s): cpu = 00:00:00 ; elapsed = 00:00:00.001 . Memory (MB): peak = 1470.703 ; gain = 0.000
INFO: [Common 17-1381] The checkpoint 'C:/Users/naman/vivado/project_2/project_2.runs/synth_1/top_module.dcp' has been generated.
INFO: [runtcl-4] Executing : report_utilization -file top_module_utilization_synth.rpt -pb top_module_utilization_synth.pb
INFO: [Common 17-206] Exiting Vivado at Fri Apr 11 23:34:33 2025...
